{"timestamp": "2025-05-07T15:02:11.425926", "operation": "STARTUP", "content": "Replica 3 started", "replica": "replica3"}
{"timestamp": "2025-05-07T15:12:19.807515", "operation": "READ_LAST", "content": "No data", "replica": "replica3"}
{"timestamp": "2025-05-07T15:12:50.777282", "operation": "WRITE", "content": "1 Sample text", "replica": "replica3"}
{"timestamp": "2025-05-07T15:13:13.034752", "operation": "READ_LAST", "content": "1 Sample text", "replica": "replica3"}
{"timestamp": "2025-05-07T15:13:26.917001", "operation": "WRITE", "content": "1 test test", "replica": "replica3"}
{"timestamp": "2025-05-07T15:13:41.015396", "operation": "READ_LAST", "content": "1 Sample text", "replica": "replica3"}
{"timestamp": "2025-05-07T15:13:46.968160", "operation": "READ_LAST", "content": "1 Sample text", "replica": "replica3"}
{"timestamp": "2025-05-07T15:13:53.147780", "operation": "READ_ALL", "content": "Full file request", "replica": "replica3"}
{"timestamp": "2025-05-07T15:13:59.240364", "operation": "READ_LAST", "content": "1 Sample text", "replica": "replica3"}
{"timestamp": "2025-05-07T15:14:09.936338", "operation": "WRITE", "content": "1 test test", "replica": "replica3"}
{"timestamp": "2025-05-07T15:14:22.323040", "operation": "WRITE", "content": "2 test test", "replica": "replica3"}
{"timestamp": "2025-05-07T15:14:27.516531", "operation": "READ_LAST", "content": "2 test test", "replica": "replica3"}
{"timestamp": "2025-05-07T15:14:34.109776", "operation": "READ_ALL", "content": "Full file request", "replica": "replica3"}
{"timestamp": "2025-05-07T16:05:16.232667", "operation": "STARTUP", "content": "Replica 3 started", "replica": "replica3"}
{"timestamp": "2025-05-07T16:06:15.224320", "operation": "READ_LAST", "content": "2 test test", "replica": "replica3"}
{"timestamp": "2025-05-07T16:06:24.225176", "operation": "READ_ALL", "content": "Full file request", "replica": "replica3"}
{"timestamp": "2025-05-07T16:16:19.098110", "operation": "STARTUP", "content": "Replica 3 started", "replica": "replica3"}
{"timestamp": "2025-05-07T16:19:12.123208", "operation": "STARTUP", "content": "Replica 3 started", "replica": "replica3"}
{"timestamp": "2025-05-07T16:23:34.202835", "operation": "STARTUP", "content": "Replica 3 started", "replica": "replica3"}
{"timestamp": "2025-05-07T16:37:21.375275", "operation": "STARTUP", "content": "Replica 3 started", "replica": "replica3"}
{"timestamp": "2025-05-07T16:51:05.973970", "operation": "STARTUP", "content": "Replica 3 started", "replica": "replica3"}
{"timestamp": "2025-05-07T16:54:16.995050", "operation": "STARTUP", "content": "Replica 3 started", "replica": "replica3"}
{"timestamp": "2025-05-07T16:55:07.174548", "operation": "READ_LAST", "content": "2 test test", "replica": "replica3"}
{"timestamp": "2025-05-07T16:55:44.381507", "operation": "READ_ALL", "content": "Full file request", "replica": "replica3"}
{"timestamp": "2025-05-07T17:06:56.804525", "operation": "STARTUP", "content": "Replica 3 started", "replica": "replica3"}
{"timestamp": "2025-05-07T17:15:36.946560", "operation": "READ_LAST", "content": "2 test test", "replica": "replica3"}
{"timestamp": "2025-05-07T17:15:41.121420", "operation": "READ_ALL", "content": "Full file request", "replica": "replica3"}
{"timestamp": "2025-05-07T17:16:45.050589", "operation": "WRITE", "content": "3 test", "replica": "replica3"}
{"timestamp": "2025-05-07T17:16:49.953528", "operation": "READ_LAST", "content": "3 test", "replica": "replica3"}
{"timestamp": "2025-05-07T17:19:36.667314", "operation": "READ_ALL", "content": "Full file request", "replica": "replica3"}
{"timestamp": "2025-05-07T17:26:23.590380", "operation": "READ_LAST", "content": "3 test", "replica": "replica3"}
{"timestamp": "2025-05-07T17:26:28.557460", "operation": "READ_ALL", "content": "Full file request", "replica": "replica3"}
{"timestamp": "2025-05-07T17:27:01.621640", "operation": "WRITE", "content": "4 panne simulation in 2", "replica": "replica3"}
{"timestamp": "2025-05-07T17:27:07.329742", "operation": "READ_LAST", "content": "4 panne simulation in 2", "replica": "replica3"}
{"timestamp": "2025-05-07T17:27:16.510778", "operation": "READ_ALL", "content": "Full file request", "replica": "replica3"}
{"timestamp": "2025-05-07T17:27:48.231770", "operation": "READ_LAST", "content": "4 panne simulation in 2", "replica": "replica3"}
{"timestamp": "2025-05-07T17:27:50.923938", "operation": "READ_ALL", "content": "Full file request", "replica": "replica3"}
{"timestamp": "2025-05-07T17:28:08.731956", "operation": "READ_LAST", "content": "4 panne simulation in 2", "replica": "replica3"}
{"timestamp": "2025-05-07T17:28:10.868684", "operation": "READ_ALL", "content": "Full file request", "replica": "replica3"}
{"timestamp": "2025-05-07T17:31:58.362191", "operation": "STARTUP", "content": "Replica 3 started", "replica": "replica3"}
{"timestamp": "2025-05-07T17:43:18.085709", "operation": "STARTUP", "content": "Replica 3 started", "replica": "replica3"}
{"timestamp": "2025-05-07T17:47:22.316969", "operation": "STARTUP", "content": "Replica 3 started", "replica": "replica3"}
{"timestamp": "2025-05-07T17:50:59.737054", "operation": "STARTUP", "content": "Replica 3 started", "replica": "replica3"}
