{"timestamp": "2025-05-07T15:02:11.427860", "operation": "STARTUP", "content": "Replica 1 started", "replica": "replica1"}
{"timestamp": "2025-05-07T15:12:19.807837", "operation": "READ_LAST", "content": "No data", "replica": "replica1"}
{"timestamp": "2025-05-07T15:12:50.777013", "operation": "WRITE", "content": "1 Sample text", "replica": "replica1"}
{"timestamp": "2025-05-07T15:13:13.034752", "operation": "READ_LAST", "content": "1 Sample text", "replica": "replica1"}
{"timestamp": "2025-05-07T15:13:26.917134", "operation": "WRITE", "content": "1 test test", "replica": "replica1"}
{"timestamp": "2025-05-07T15:13:41.015402", "operation": "READ_LAST", "content": "1 Sample text", "replica": "replica1"}
{"timestamp": "2025-05-07T15:13:46.968178", "operation": "READ_LAST", "content": "1 Sample text", "replica": "replica1"}
{"timestamp": "2025-05-07T15:13:53.147875", "operation": "READ_ALL", "content": "Full file request", "replica": "replica1"}
{"timestamp": "2025-05-07T15:13:59.240242", "operation": "READ_LAST", "content": "1 Sample text", "replica": "replica1"}
{"timestamp": "2025-05-07T15:14:09.936209", "operation": "WRITE", "content": "1 test test", "replica": "replica1"}
{"timestamp": "2025-05-07T15:14:22.323065", "operation": "WRITE", "content": "2 test test", "replica": "replica1"}
{"timestamp": "2025-05-07T15:14:27.516594", "operation": "READ_LAST", "content": "2 test test", "replica": "replica1"}
{"timestamp": "2025-05-07T15:14:34.109607", "operation": "READ_ALL", "content": "Full file request", "replica": "replica1"}
{"timestamp": "2025-05-07T16:05:16.815383", "operation": "STARTUP", "content": "Replica 1 started", "replica": "replica1"}
{"timestamp": "2025-05-07T16:06:15.224752", "operation": "READ_LAST", "content": "2 test test", "replica": "replica1"}
{"timestamp": "2025-05-07T16:06:24.225117", "operation": "READ_ALL", "content": "Full file request", "replica": "replica1"}
{"timestamp": "2025-05-07T16:16:18.646047", "operation": "STARTUP", "content": "Replica 1 started", "replica": "replica1"}
{"timestamp": "2025-05-07T16:19:12.111727", "operation": "STARTUP", "content": "Replica 1 started", "replica": "replica1"}
{"timestamp": "2025-05-07T16:23:33.756541", "operation": "STARTUP", "content": "Replica 1 started", "replica": "replica1"}
{"timestamp": "2025-05-07T16:37:21.375127", "operation": "STARTUP", "content": "Replica 1 started", "replica": "replica1"}
{"timestamp": "2025-05-07T16:51:06.299712", "operation": "STARTUP", "content": "Replica 1 started", "replica": "replica1"}
{"timestamp": "2025-05-07T16:54:17.436513", "operation": "STARTUP", "content": "Replica 1 started", "replica": "replica1"}
{"timestamp": "2025-05-07T16:55:07.174694", "operation": "READ_LAST", "content": "2 test test", "replica": "replica1"}
{"timestamp": "2025-05-07T16:55:44.381443", "operation": "READ_ALL", "content": "Full file request", "replica": "replica1"}
{"timestamp": "2025-05-07T17:06:56.565983", "operation": "STARTUP", "content": "Replica 1 started", "replica": "replica1"}
{"timestamp": "2025-05-07T17:15:36.946625", "operation": "READ_LAST", "content": "2 test test", "replica": "replica1"}
{"timestamp": "2025-05-07T17:15:41.121303", "operation": "READ_ALL", "content": "Full file request", "replica": "replica1"}
{"timestamp": "2025-05-07T17:16:45.050569", "operation": "WRITE", "content": "3 test", "replica": "replica1"}
{"timestamp": "2025-05-07T17:16:49.953579", "operation": "READ_LAST", "content": "3 test", "replica": "replica1"}
{"timestamp": "2025-05-07T17:19:36.666844", "operation": "READ_ALL", "content": "Full file request", "replica": "replica1"}
{"timestamp": "2025-05-07T17:26:23.590292", "operation": "READ_LAST", "content": "3 test", "replica": "replica1"}
{"timestamp": "2025-05-07T17:26:28.557438", "operation": "READ_ALL", "content": "Full file request", "replica": "replica1"}
{"timestamp": "2025-05-07T17:27:01.621763", "operation": "WRITE", "content": "4 panne simulation in 2", "replica": "replica1"}
{"timestamp": "2025-05-07T17:27:07.329741", "operation": "READ_LAST", "content": "4 panne simulation in 2", "replica": "replica1"}
{"timestamp": "2025-05-07T17:27:16.510902", "operation": "READ_ALL", "content": "Full file request", "replica": "replica1"}
{"timestamp": "2025-05-07T17:27:48.231743", "operation": "READ_LAST", "content": "4 panne simulation in 2", "replica": "replica1"}
{"timestamp": "2025-05-07T17:27:50.924146", "operation": "READ_ALL", "content": "Full file request", "replica": "replica1"}
{"timestamp": "2025-05-07T17:28:08.731648", "operation": "READ_LAST", "content": "4 panne simulation in 2", "replica": "replica1"}
{"timestamp": "2025-05-07T17:28:10.868693", "operation": "READ_ALL", "content": "Full file request", "replica": "replica1"}
{"timestamp": "2025-05-07T17:31:58.308897", "operation": "STARTUP", "content": "Replica 1 started", "replica": "replica1"}
