{"timestamp": "2025-05-07T15:12:19.804981", "operation": "READ_LAST", "content": "Request sent to all replicas", "client": "web_ui"}
{"timestamp": "2025-05-07T15:12:50.774694", "operation": "WRITE", "content": "1 Sample text", "client": "web_ui"}
{"timestamp": "2025-05-07T15:13:13.032474", "operation": "READ_LAST", "content": "Request sent to all replicas", "client": "web_ui"}
{"timestamp": "2025-05-07T15:13:26.915714", "operation": "WRITE", "content": "1 test test", "client": "web_ui"}
{"timestamp": "2025-05-07T15:13:41.012515", "operation": "READ_LAST", "content": "Request sent to all replicas", "client": "web_ui"}
{"timestamp": "2025-05-07T15:13:46.965914", "operation": "READ_LAST", "content": "Request sent to all replicas", "client": "web_ui"}
{"timestamp": "2025-05-07T15:13:53.143620", "operation": "READ_ALL", "content": "Requesting all data with majority consensus", "client": "web_ui"}
{"timestamp": "2025-05-07T15:13:59.238026", "operation": "READ_LAST", "content": "Request sent to all replicas", "client": "web_ui"}
{"timestamp": "2025-05-07T15:14:09.933911", "operation": "WRITE", "content": "1 test test", "client": "web_ui"}
{"timestamp": "2025-05-07T15:14:22.319757", "operation": "WRITE", "content": "2 test test", "client": "web_ui"}
{"timestamp": "2025-05-07T15:14:27.514744", "operation": "READ_LAST", "content": "Request sent to all replicas", "client": "web_ui"}
{"timestamp": "2025-05-07T15:14:34.108183", "operation": "READ_ALL", "content": "Requesting all data with majority consensus", "client": "web_ui"}
{"timestamp": "2025-05-07T16:06:15.219261", "operation": "READ_LAST", "content": "Request sent to all replicas", "client": "client_reader"}
{"timestamp": "2025-05-07T16:06:15.422597", "operation": "RECEIVED_FIRST", "content": "replica3: 2 test test", "client": "client_reader"}
{"timestamp": "2025-05-07T16:06:24.222680", "operation": "READ_ALL", "content": "Requesting all data with majority consensus", "client": "client_reader_v2"}
{"timestamp": "2025-05-07T16:06:24.424978", "operation": "CONSENSUS_RESULT", "content": "{\"majority_lines\": [[\"1 Sample text\", 3], [\"2 test test\", 3]], \"raw_data\": {\"replica1\": [\"1 Sample text\", \"2 test test\"], \"replica2\": [\"1 Sample text\", \"2 test test\"], \"replica3\": [\"1 Sample text\", \"2 test test\"]}}", "client": "client_reader_v2"}
{"timestamp": "2025-05-07T16:55:07.172030", "operation": "READ_LAST", "content": "Request sent to all replicas", "client": "client_reader"}
{"timestamp": "2025-05-07T16:55:07.374240", "operation": "RECEIVED_FIRST", "content": "replica2: 2 test test", "client": "client_reader"}
{"timestamp": "2025-05-07T16:55:44.379421", "operation": "READ_ALL", "content": "Requesting all data with majority consensus", "client": "client_reader_v2"}
{"timestamp": "2025-05-07T16:55:44.581913", "operation": "CONSENSUS_RESULT", "content": "{\"majority_lines\": [[\"1 Sample text\", 3], [\"2 test test\", 3]], \"raw_data\": {\"replica1\": [\"1 Sample text\", \"2 test test\"], \"replica2\": [\"1 Sample text\", \"2 test test\"], \"replica3\": [\"1 Sample text\", \"2 test test\"]}}", "client": "client_reader_v2"}
{"timestamp": "2025-05-07T17:15:36.944238", "operation": "READ_LAST", "content": "Request sent to all replicas", "client": "client_reader"}
{"timestamp": "2025-05-07T17:15:37.146193", "operation": "RECEIVED_FIRST", "content": "replica3: 2 test test", "client": "client_reader"}
{"timestamp": "2025-05-07T17:15:41.119623", "operation": "READ_ALL", "content": "Requesting all data with majority consensus", "client": "client_reader_v2"}
{"timestamp": "2025-05-07T17:15:41.321833", "operation": "CONSENSUS_RESULT", "content": "{\"majority_lines\": [[\"1 Sample text\", 3], [\"2 test test\", 3]], \"raw_data\": {\"replica1\": [\"1 Sample text\", \"2 test test\"], \"replica2\": [\"1 Sample text\", \"2 test test\"], \"replica3\": [\"1 Sample text\", \"2 test test\"]}}", "client": "client_reader_v2"}
{"timestamp": "2025-05-07T17:16:45.048562", "operation": "WRITE", "content": "3 test", "client": "client_writer"}
{"timestamp": "2025-05-07T17:16:49.950837", "operation": "READ_LAST", "content": "Request sent to all replicas", "client": "client_reader"}
{"timestamp": "2025-05-07T17:16:50.153914", "operation": "RECEIVED_FIRST", "content": "replica2: 3 test", "client": "client_reader"}
{"timestamp": "2025-05-07T17:19:36.662362", "operation": "READ_ALL", "content": "Requesting all data with majority consensus", "client": "client_reader_v2"}
{"timestamp": "2025-05-07T17:19:36.865220", "operation": "CONSENSUS_RESULT", "content": "{\"majority_lines\": [[\"1 Sample text\", 3], [\"2 test test\", 3], [\"3 test\", 3]], \"raw_data\": {\"replica1\": [\"1 Sample text\", \"2 test test\", \"3 test\"], \"replica2\": [\"1 Sample text\", \"2 test test\", \"3 test\"], \"replica3\": [\"1 Sample text\", \"2 test test\", \"3 test\"]}}", "client": "client_reader_v2"}
{"timestamp": "2025-05-07T17:26:23.587164", "operation": "READ_LAST", "content": "Request sent to all replicas", "client": "client_reader"}
{"timestamp": "2025-05-07T17:26:23.789872", "operation": "RECEIVED_FIRST", "content": "replica3: 3 test", "client": "client_reader"}
{"timestamp": "2025-05-07T17:26:28.555671", "operation": "READ_ALL", "content": "Requesting all data with majority consensus", "client": "client_reader_v2"}
{"timestamp": "2025-05-07T17:26:33.591764", "operation": "CONSENSUS_RESULT", "content": "{\"majority_lines\": [[\"1 Sample text\", 2], [\"2 test test\", 2], [\"3 test\", 2]], \"raw_data\": {\"replica1\": [\"1 Sample text\", \"2 test test\", \"3 test\"], \"replica2\": [], \"replica3\": [\"1 Sample text\", \"2 test test\", \"3 test\"]}}", "client": "client_reader_v2"}
{"timestamp": "2025-05-07T17:27:01.619182", "operation": "WRITE", "content": "4 panne simulation in 2", "client": "client_writer"}
{"timestamp": "2025-05-07T17:27:07.327887", "operation": "READ_LAST", "content": "Request sent to all replicas", "client": "client_reader"}
{"timestamp": "2025-05-07T17:27:07.529687", "operation": "RECEIVED_FIRST", "content": "replica3: 4 panne simulation in 2", "client": "client_reader"}
{"timestamp": "2025-05-07T17:27:16.507730", "operation": "READ_ALL", "content": "Requesting all data with majority consensus", "client": "client_reader_v2"}
{"timestamp": "2025-05-07T17:27:21.538943", "operation": "CONSENSUS_RESULT", "content": "{\"majority_lines\": [[\"1 Sample text\", 2], [\"2 test test\", 2], [\"3 test\", 2], [\"4 panne simulation in 2\", 2]], \"raw_data\": {\"replica1\": [\"1 Sample text\", \"2 test test\", \"3 test\", \"4 panne simulation in 2\"], \"replica2\": [], \"replica3\": [\"1 Sample text\", \"2 test test\", \"3 test\", \"4 panne simulation in 2\"]}}", "client": "client_reader_v2"}
{"timestamp": "2025-05-07T17:27:48.229277", "operation": "READ_LAST", "content": "Request sent to all replicas", "client": "client_reader"}
{"timestamp": "2025-05-07T17:27:48.431951", "operation": "RECEIVED_FIRST", "content": "replica1: 4 panne simulation in 2", "client": "client_reader"}
{"timestamp": "2025-05-07T17:27:50.922499", "operation": "READ_ALL", "content": "Requesting all data with majority consensus", "client": "client_reader_v2"}
{"timestamp": "2025-05-07T17:27:51.124896", "operation": "CONSENSUS_RESULT", "content": "{\"majority_lines\": [[\"1 Sample text\", 3], [\"2 test test\", 3], [\"3 test\", 3], [\"4 panne simulation in 2\", 3]], \"raw_data\": {\"replica1\": [\"1 Sample text\", \"2 test test\", \"3 test\", \"4 panne simulation in 2\"], \"replica2\": [\"1 Sample text\", \"2 test test\", \"3 test\", \"4 panne simulation in 2\"], \"replica3\": [\"1 Sample text\", \"2 test test\", \"3 test\", \"4 panne simulation in 2\"]}}", "client": "client_reader_v2"}
{"timestamp": "2025-05-07T17:28:08.728671", "operation": "READ_LAST", "content": "Request sent to all replicas", "client": "client_reader"}
{"timestamp": "2025-05-07T17:28:08.930639", "operation": "RECEIVED_FIRST", "content": "replica3: 4 panne simulation in 2", "client": "client_reader"}
{"timestamp": "2025-05-07T17:28:10.866676", "operation": "READ_ALL", "content": "Requesting all data with majority consensus", "client": "client_reader_v2"}
{"timestamp": "2025-05-07T17:28:11.068923", "operation": "CONSENSUS_RESULT", "content": "{\"majority_lines\": [[\"1 Sample text\", 3], [\"2 test test\", 3], [\"3 test\", 3], [\"4 panne simulation in 2\", 3]], \"raw_data\": {\"replica1\": [\"1 Sample text\", \"2 test test\", \"3 test\", \"4 panne simulation in 2\"], \"replica2\": [\"1 Sample text\", \"2 test test\", \"3 test\", \"4 panne simulation in 2\"], \"replica3\": [\"1 Sample text\", \"2 test test\", \"3 test\", \"4 panne simulation in 2\"]}}", "client": "client_reader_v2"}
